<?xml version="1.0" encoding="UTF-8"?>
<testsuite xmlns:xsi="http://www.w3.org/2001/XMLSchema-instance" xsi:noNamespaceSchemaLocation="https://maven.apache.org/surefire/maven-surefire-plugin/xsd/surefire-test-report.xsd" name="com.challenge.suite.ChallengeTestSuite" time="10.044" tests="18" errors="1" skipped="0" failures="0">
  <properties>
[...]
</properties>
  <testcase name="whenFindByCompanyId" classname="com.challenge.suite.AccelerationServiceTest" time="0.344"/>
  <testcase name="whenFindById" classname="com.challenge.suite.AccelerationServiceTest" time="0.044"/>
  <testcase name="whenFindByCompanyId" classname="com.challenge.suite.CandidateServiceTest" time="0.084"/>
  <testcase name="whenFindById" classname="com.challenge.suite.CandidateServiceTest" time="0.053"/>
  <testcase name="whenFindByAccelerationId" classname="com.challenge.suite.CandidateServiceTest" time="0.079"/>
  <testcase name="whenFindByIdThenNotFound" classname="com.challenge.suite.CandidateServiceTest" time="0.064"/>
  <testcase name="whenFindByAccelerationIdAndUserId" classname="com.challenge.suite.ChallengeServiceTest" time="0.064"/>
  <testcase name="whenFindById" classname="com.challenge.suite.CompanyServiceTest" time="0.013"/>
  <testcase name="whenFindByAccelerationId" classname="com.challenge.suite.CompanyServiceTest" time="0.068"/>
  <testcase name="whenFindByIdThenNotFound" classname="com.challenge.suite.CompanyServiceTest" time="0.057"/>
  <testcase name="whenFindByUserId" classname="com.challenge.suite.CompanyServiceTest" time="0.053"/>
  <testcase name="whenFindByChallengeIdAndAccelerationId" classname="com.challenge.suite.SubmissionServiceTest" time="0.076"/>
  <testcase name="whenFindHigherScoreByChallengeIdReturnNotFound" classname="com.challenge.suite.SubmissionServiceTest" time="0.066"/>
  <testcase name="whenFindHigherScoreByChallengeId" classname="com.challenge.suite.SubmissionServiceTest" time="0.08"/>
  <testcase name="whenFindByCompanyId" classname="com.challenge.suite.UserServiceTest" time="0.044"/>
  <testcase name="whenFindById" classname="com.challenge.suite.UserServiceTest" time="0.033"/>
  <testcase name="whenFindByAccelerationName" classname="com.challenge.suite.UserServiceTest" time="0.041"/>
  <testcase name="whenSave" classname="com.challenge.suite.UserServiceTest" time="0.078">
    <error type="java.lang.StackOverflowError">java.lang.StackOverflowError
</error>
    <system-out><![CDATA[2020-02-26 11:29:08.397  INFO 25646 --- [           main] o.s.t.c.transaction.TransactionContext   : Began transaction (1) for test context [DefaultTestContext@5940b14e testClass = UserServiceTest, testInstance = com.challenge.suite.UserServiceTest@4c5406b, testMethod = whenSave@UserServiceTest, testException = [null], mergedContextConfiguration = [MergedContextConfiguration@795f6681 testClass = UserServiceTest, locations = '{}', classes = '{class com.challenge.SpringChallengeApplication}', contextInitializerClasses = '[]', activeProfiles = '{}', propertySourceLocations = '{}', propertySourceProperties = '{org.springframework.boot.test.context.SpringBootTestContextBootstrapper=true}', contextCustomizers = set[org.springframework.boot.test.context.filter.ExcludeFilterContextCustomizer@30a3107a, org.springframework.boot.test.json.DuplicateJsonObjectContextCustomizerFactory$DuplicateJsonObjectContextCustomizer@52feb982, org.springframework.boot.test.mock.mockito.MockitoContextCustomizer@0, org.springframework.boot.test.web.client.TestRestTemplateContextCustomizer@36b4cef0, org.springframework.boot.test.autoconfigure.properties.PropertyMappingContextCustomizer@0, org.springframework.boot.test.autoconfigure.web.servlet.WebDriverContextCustomizerFactory$Customizer@42d8062c], contextLoader = 'org.springframework.boot.test.context.SpringBootContextLoader', parent = [null]], attributes = map[[empty]]]; transaction manager [org.springframework.orm.jpa.JpaTransactionManager@216c22ce]; rollback [true]
Hibernate: select user0_.id as id1_5_0_, user0_.created_at as created_2_5_0_, user0_.email as email3_5_0_, user0_.full_name as full_nam4_5_0_, user0_.nickname as nickname5_5_0_, user0_.password as password6_5_0_ from users user0_ where user0_.id=?
============================================================
Object:User(id=null, fullName=Bruno, email=bruno@gmail.com, nickname=nick_bruno, password=123456, createdAt=null, candidates=null, submissions=null)
============================================================
============================================================
Hibernate: select candidates0_.user_id as user_id3_1_0_, candidates0_.acceleration_id as accelera5_1_0_, candidates0_.company_id as company_4_1_0_, candidates0_.acceleration_id as accelera5_1_1_, candidates0_.company_id as company_4_1_1_, candidates0_.user_id as user_id3_1_1_, candidates0_.created_at as created_1_1_1_, candidates0_.status as status2_1_1_, accelerati1_.id as id1_0_2_, accelerati1_.challenge_id as challeng5_0_2_, accelerati1_.created_at as created_2_0_2_, accelerati1_.name as name3_0_2_, accelerati1_.slug as slug4_0_2_, challenge2_.id as id1_2_3_, challenge2_.created_at as created_2_2_3_, challenge2_.name as name3_2_3_, challenge2_.slug as slug4_2_3_, company3_.id as id1_3_4_, company3_.created_at as created_2_3_4_, company3_.name as name3_3_4_, company3_.slug as slug4_3_4_ from candidate candidates0_ inner join acceleration accelerati1_ on candidates0_.acceleration_id=accelerati1_.id left outer join challenge challenge2_ on accelerati1_.challenge_id=challenge2_.id inner join company company3_ on candidates0_.company_id=company3_.id where candidates0_.user_id=?
2020-02-26 11:29:08.458  INFO 25646 --- [           main] o.s.t.c.transaction.TransactionContext   : Rolled back transaction for test: [DefaultTestContext@5940b14e testClass = UserServiceTest, testInstance = com.challenge.suite.UserServiceTest@4c5406b, testMethod = whenSave@UserServiceTest, testException = java.lang.StackOverflowError, mergedContextConfiguration = [MergedContextConfiguration@795f6681 testClass = UserServiceTest, locations = '{}', classes = '{class com.challenge.SpringChallengeApplication}', contextInitializerClasses = '[]', activeProfiles = '{}', propertySourceLocations = '{}', propertySourceProperties = '{org.springframework.boot.test.context.SpringBootTestContextBootstrapper=true}', contextCustomizers = set[org.springframework.boot.test.context.filter.ExcludeFilterContextCustomizer@30a3107a, org.springframework.boot.test.json.DuplicateJsonObjectContextCustomizerFactory$DuplicateJsonObjectContextCustomizer@52feb982, org.springframework.boot.test.mock.mockito.MockitoContextCustomizer@0, org.springframework.boot.test.web.client.TestRestTemplateContextCustomizer@36b4cef0, org.springframework.boot.test.autoconfigure.properties.PropertyMappingContextCustomizer@0, org.springframework.boot.test.autoconfigure.web.servlet.WebDriverContextCustomizerFactory$Customizer@42d8062c], contextLoader = 'org.springframework.boot.test.context.SpringBootContextLoader', parent = [null]], attributes = map[[empty]]]
]]></system-out>
  </testcase>
</testsuite>